The target system is: PICO -  - cortex-m0plus
The host system is: Linux - 5.10.16.3-microsoft-standard-WSL2 - x86_64
Compiling the C compiler identification source file "CMakeCCompilerId.c" succeeded.
Compiler: /home/milan/.pico-sdk/toolchain/13_2_Rel1/bin/arm-none-eabi-gcc 
Build flags: ;-mcpu=cortex-m0plus;-mthumb
Id flags: -c 

The output was:
0


Compilation of the C compiler identification source "CMakeCCompilerId.c" produced "CMakeCCompilerId.o"

The C compiler identification is GNU, found in "/home/milan/me433/blink/build/CMakeFiles/3.22.1/CompilerIdC/CMakeCCompilerId.o"

Compiling the CXX compiler identification source file "CMakeCXXCompilerId.cpp" succeeded.
Compiler: /home/milan/.pico-sdk/toolchain/13_2_Rel1/bin/arm-none-eabi-g++ 
Build flags: ;-mcpu=cortex-m0plus;-mthumb
Id flags: -c 

The output was:
0


Compilation of the CXX compiler identification source "CMakeCXXCompilerId.cpp" produced "CMakeCXXCompilerId.o"

The CXX compiler identification is GNU, found in "/home/milan/me433/blink/build/CMakeFiles/3.22.1/CompilerIdCXX/CMakeCXXCompilerId.o"

Checking whether the ASM compiler is GNU using "--version" matched "(GNU assembler)|(GCC)|(Free Software Foundation)":
arm-none-eabi-gcc (Arm GNU Toolchain 13.2.rel1 (Build arm-13.7)) 13.2.1 20231009
Copyright (C) 2023 Free Software Foundation, Inc.
This is free software; see the source for copying conditions.  There is NO
warranty; not even for MERCHANTABILITY or FITNESS FOR A PARTICULAR PURPOSE.

Detecting C compiler ABI info compiled with the following output:
Change Dir: /home/milan/me433/blink/build/CMakeFiles/CMakeTmp

Run Build Command(s):/usr/bin/gmake -f Makefile cmTC_9a34d/fast && /usr/bin/gmake  -f CMakeFiles/cmTC_9a34d.dir/build.make CMakeFiles/cmTC_9a34d.dir/build
gmake[1]: Entering directory '/home/milan/me433/blink/build/CMakeFiles/CMakeTmp'
Building C object CMakeFiles/cmTC_9a34d.dir/CMakeCCompilerABI.c.obj
/home/milan/.pico-sdk/toolchain/13_2_Rel1/bin/arm-none-eabi-gcc   -mcpu=cortex-m0plus -mthumb    -v -std=gnu11 -o CMakeFiles/cmTC_9a34d.dir/CMakeCCompilerABI.c.obj -c /usr/share/cmake-3.22/Modules/CMakeCCompilerABI.c
Using built-in specs.
COLLECT_GCC=/home/milan/.pico-sdk/toolchain/13_2_Rel1/bin/arm-none-eabi-gcc
Target: arm-none-eabi
Configured with: /data/jenkins/workspace/GNU-toolchain/arm-13/src/gcc/configure --target=arm-none-eabi --prefix=/data/jenkins/workspace/GNU-toolchain/arm-13/build-arm-none-eabi/install --with-gmp=/data/jenkins/workspace/GNU-toolchain/arm-13/build-arm-none-eabi/host-tools --with-mpfr=/data/jenkins/workspace/GNU-toolchain/arm-13/build-arm-none-eabi/host-tools --with-mpc=/data/jenkins/workspace/GNU-toolchain/arm-13/build-arm-none-eabi/host-tools --with-isl=/data/jenkins/workspace/GNU-toolchain/arm-13/build-arm-none-eabi/host-tools --disable-shared --disable-nls --disable-threads --disable-tls --enable-checking=release --enable-languages=c,c++,fortran --with-newlib --with-gnu-as --with-headers=yes --with-gnu-ld --with-native-system-header-dir=/include --with-sysroot=/data/jenkins/workspace/GNU-toolchain/arm-13/build-arm-none-eabi/install/arm-none-eabi --with-multilib-list=aprofile,rmprofile --with-pkgversion='Arm GNU Toolchain 13.2.rel1 (Build arm-13.7)' --with-bugurl=https://bugs.linaro.org/
Thread model: single
Supported LTO compression algorithms: zlib
gcc version 13.2.1 20231009 (Arm GNU Toolchain 13.2.rel1 (Build arm-13.7)) 
COLLECT_GCC_OPTIONS='-mcpu=cortex-m0plus' '-mthumb' '-v' '-std=gnu11' '-o' 'CMakeFiles/cmTC_9a34d.dir/CMakeCCompilerABI.c.obj' '-c' '-mfloat-abi=soft' '-mlibarch=armv6s-m' '-march=armv6s-m' '-dumpdir' 'CMakeFiles/cmTC_9a34d.dir/'
 /home/milan/.pico-sdk/toolchain/13_2_Rel1/bin/../libexec/gcc/arm-none-eabi/13.2.1/cc1 -quiet -v -imultilib thumb/v6-m/nofp -iprefix /home/milan/.pico-sdk/toolchain/13_2_Rel1/bin/../lib/gcc/arm-none-eabi/13.2.1/ -isysroot /home/milan/.pico-sdk/toolchain/13_2_Rel1/bin/../arm-none-eabi -D__USES_INITFINI__ /usr/share/cmake-3.22/Modules/CMakeCCompilerABI.c -quiet -dumpdir CMakeFiles/cmTC_9a34d.dir/ -dumpbase CMakeCCompilerABI.c.c -dumpbase-ext .c -mcpu=cortex-m0plus -mthumb -mfloat-abi=soft -mlibarch=armv6s-m -march=armv6s-m -std=gnu11 -version -o /tmp/ccboCViI.s
GNU C11 (Arm GNU Toolchain 13.2.rel1 (Build arm-13.7)) version 13.2.1 20231009 (arm-none-eabi)
	compiled by GNU C version 4.8.5 20150623 (Red Hat 4.8.5-44), GMP version 6.2.1, MPFR version 3.1.6, MPC version 1.0.3, isl version isl-0.15-1-g835ea3a-GMP

GGC heuristics: --param ggc-min-expand=100 --param ggc-min-heapsize=131072
ignoring duplicate directory "/home/milan/.pico-sdk/toolchain/13_2_Rel1/bin/../lib/gcc/../../lib/gcc/arm-none-eabi/13.2.1/include"
ignoring nonexistent directory "/home/milan/.pico-sdk/toolchain/13_2_Rel1/bin/../arm-none-eabi/usr/local/include"
ignoring duplicate directory "/home/milan/.pico-sdk/toolchain/13_2_Rel1/bin/../lib/gcc/../../lib/gcc/arm-none-eabi/13.2.1/include-fixed"
ignoring duplicate directory "/home/milan/.pico-sdk/toolchain/13_2_Rel1/bin/../lib/gcc/../../lib/gcc/arm-none-eabi/13.2.1/../../../../arm-none-eabi/include"
ignoring duplicate directory "/home/milan/.pico-sdk/toolchain/13_2_Rel1/bin/../arm-none-eabi/include"
#include "..." search starts here:
#include <...> search starts here:
 /home/milan/.pico-sdk/toolchain/13_2_Rel1/bin/../lib/gcc/arm-none-eabi/13.2.1/include
 /home/milan/.pico-sdk/toolchain/13_2_Rel1/bin/../lib/gcc/arm-none-eabi/13.2.1/include-fixed
 /home/milan/.pico-sdk/toolchain/13_2_Rel1/bin/../lib/gcc/arm-none-eabi/13.2.1/../../../../arm-none-eabi/include
End of search list.
Compiler executable checksum: 3af492648c23d64f81488ff0afc525a8
COLLECT_GCC_OPTIONS='-mcpu=cortex-m0plus' '-mthumb' '-v' '-std=gnu11' '-o' 'CMakeFiles/cmTC_9a34d.dir/CMakeCCompilerABI.c.obj' '-c' '-mfloat-abi=soft' '-mlibarch=armv6s-m' '-march=armv6s-m' '-dumpdir' 'CMakeFiles/cmTC_9a34d.dir/'
 /home/milan/.pico-sdk/toolchain/13_2_Rel1/bin/../lib/gcc/arm-none-eabi/13.2.1/../../../../arm-none-eabi/bin/as -v -march=armv6s-m -mfloat-abi=soft -meabi=5 -o CMakeFiles/cmTC_9a34d.dir/CMakeCCompilerABI.c.obj /tmp/ccboCViI.s
GNU assembler version 2.41.0 (arm-none-eabi) using BFD version (Arm GNU Toolchain 13.2.rel1 (Build arm-13.7)) 2.41.0.20231009
COMPILER_PATH=/home/milan/.pico-sdk/toolchain/13_2_Rel1/bin/../libexec/gcc/arm-none-eabi/13.2.1/:/home/milan/.pico-sdk/toolchain/13_2_Rel1/bin/../libexec/gcc/:/home/milan/.pico-sdk/toolchain/13_2_Rel1/bin/../lib/gcc/arm-none-eabi/13.2.1/../../../../arm-none-eabi/bin/
LIBRARY_PATH=/home/milan/.pico-sdk/toolchain/13_2_Rel1/bin/../lib/gcc/arm-none-eabi/13.2.1/thumb/v6-m/nofp/:/home/milan/.pico-sdk/toolchain/13_2_Rel1/bin/../lib/gcc/arm-none-eabi/13.2.1/../../../../arm-none-eabi/lib/thumb/v6-m/nofp/:/home/milan/.pico-sdk/toolchain/13_2_Rel1/bin/../arm-none-eabi/lib/thumb/v6-m/nofp/:/home/milan/.pico-sdk/toolchain/13_2_Rel1/bin/../lib/gcc/arm-none-eabi/13.2.1/:/home/milan/.pico-sdk/toolchain/13_2_Rel1/bin/../lib/gcc/:/home/milan/.pico-sdk/toolchain/13_2_Rel1/bin/../lib/gcc/arm-none-eabi/13.2.1/../../../../arm-none-eabi/lib/:/home/milan/.pico-sdk/toolchain/13_2_Rel1/bin/../arm-none-eabi/lib/
COLLECT_GCC_OPTIONS='-mcpu=cortex-m0plus' '-mthumb' '-v' '-std=gnu11' '-o' 'CMakeFiles/cmTC_9a34d.dir/CMakeCCompilerABI.c.obj' '-c' '-mfloat-abi=soft' '-mlibarch=armv6s-m' '-march=armv6s-m' '-dumpdir' 'CMakeFiles/cmTC_9a34d.dir/CMakeCCompilerABI.c.'
Linking C executable cmTC_9a34d.elf
/usr/bin/cmake -E cmake_link_script CMakeFiles/cmTC_9a34d.dir/link.txt --verbose=1
/home/milan/.pico-sdk/toolchain/13_2_Rel1/bin/arm-none-eabi-gcc -mcpu=cortex-m0plus -mthumb  -Wl,--build-id=none -nostdlib  -v CMakeFiles/cmTC_9a34d.dir/CMakeCCompilerABI.c.obj -o cmTC_9a34d.elf 
Using built-in specs.
COLLECT_GCC=/home/milan/.pico-sdk/toolchain/13_2_Rel1/bin/arm-none-eabi-gcc
COLLECT_LTO_WRAPPER=/home/milan/.pico-sdk/toolchain/13_2_Rel1/bin/../libexec/gcc/arm-none-eabi/13.2.1/lto-wrapper
Target: arm-none-eabi
Configured with: /data/jenkins/workspace/GNU-toolchain/arm-13/src/gcc/configure --target=arm-none-eabi --prefix=/data/jenkins/workspace/GNU-toolchain/arm-13/build-arm-none-eabi/install --with-gmp=/data/jenkins/workspace/GNU-toolchain/arm-13/build-arm-none-eabi/host-tools --with-mpfr=/data/jenkins/workspace/GNU-toolchain/arm-13/build-arm-none-eabi/host-tools --with-mpc=/data/jenkins/workspace/GNU-toolchain/arm-13/build-arm-none-eabi/host-tools --with-isl=/data/jenkins/workspace/GNU-toolchain/arm-13/build-arm-none-eabi/host-tools --disable-shared --disable-nls --disable-threads --disable-tls --enable-checking=release --enable-languages=c,c++,fortran --with-newlib --with-gnu-as --with-headers=yes --with-gnu-ld --with-native-system-header-dir=/include --with-sysroot=/data/jenkins/workspace/GNU-toolchain/arm-13/build-arm-none-eabi/install/arm-none-eabi --with-multilib-list=aprofile,rmprofile --with-pkgversion='Arm GNU Toolchain 13.2.rel1 (Build arm-13.7)' --with-bugurl=https://bugs.linaro.org/
Thread model: single
Supported LTO compression algorithms: zlib
gcc version 13.2.1 20231009 (Arm GNU Toolchain 13.2.rel1 (Build arm-13.7)) 
COMPILER_PATH=/home/milan/.pico-sdk/toolchain/13_2_Rel1/bin/../libexec/gcc/arm-none-eabi/13.2.1/:/home/milan/.pico-sdk/toolchain/13_2_Rel1/bin/../libexec/gcc/:/home/milan/.pico-sdk/toolchain/13_2_Rel1/bin/../lib/gcc/arm-none-eabi/13.2.1/../../../../arm-none-eabi/bin/
LIBRARY_PATH=/home/milan/.pico-sdk/toolchain/13_2_Rel1/bin/../lib/gcc/arm-none-eabi/13.2.1/thumb/v6-m/nofp/:/home/milan/.pico-sdk/toolchain/13_2_Rel1/bin/../lib/gcc/arm-none-eabi/13.2.1/../../../../arm-none-eabi/lib/thumb/v6-m/nofp/:/home/milan/.pico-sdk/toolchain/13_2_Rel1/bin/../arm-none-eabi/lib/thumb/v6-m/nofp/:/home/milan/.pico-sdk/toolchain/13_2_Rel1/bin/../lib/gcc/arm-none-eabi/13.2.1/:/home/milan/.pico-sdk/toolchain/13_2_Rel1/bin/../lib/gcc/:/home/milan/.pico-sdk/toolchain/13_2_Rel1/bin/../lib/gcc/arm-none-eabi/13.2.1/../../../../arm-none-eabi/lib/:/home/milan/.pico-sdk/toolchain/13_2_Rel1/bin/../arm-none-eabi/lib/
COLLECT_GCC_OPTIONS='-mcpu=cortex-m0plus' '-mthumb' '-nostdlib' '-v' '-o' 'cmTC_9a34d.elf' '-mfloat-abi=soft' '-mlibarch=armv6s-m' '-march=armv6s-m' '-dumpdir' 'cmTC_9a34d.elf.'
 /home/milan/.pico-sdk/toolchain/13_2_Rel1/bin/../libexec/gcc/arm-none-eabi/13.2.1/collect2 -plugin /home/milan/.pico-sdk/toolchain/13_2_Rel1/bin/../libexec/gcc/arm-none-eabi/13.2.1/liblto_plugin.so -plugin-opt=/home/milan/.pico-sdk/toolchain/13_2_Rel1/bin/../libexec/gcc/arm-none-eabi/13.2.1/lto-wrapper -plugin-opt=-fresolution=/tmp/cc3fVOqe.res --sysroot=/home/milan/.pico-sdk/toolchain/13_2_Rel1/bin/../arm-none-eabi -X -o cmTC_9a34d.elf -L/home/milan/.pico-sdk/toolchain/13_2_Rel1/bin/../lib/gcc/arm-none-eabi/13.2.1/thumb/v6-m/nofp -L/home/milan/.pico-sdk/toolchain/13_2_Rel1/bin/../lib/gcc/arm-none-eabi/13.2.1/../../../../arm-none-eabi/lib/thumb/v6-m/nofp -L/home/milan/.pico-sdk/toolchain/13_2_Rel1/bin/../arm-none-eabi/lib/thumb/v6-m/nofp -L/home/milan/.pico-sdk/toolchain/13_2_Rel1/bin/../lib/gcc/arm-none-eabi/13.2.1 -L/home/milan/.pico-sdk/toolchain/13_2_Rel1/bin/../lib/gcc -L/home/milan/.pico-sdk/toolchain/13_2_Rel1/bin/../lib/gcc/arm-none-eabi/13.2.1/../../../../arm-none-eabi/lib -L/home/milan/.pico-sdk/toolchain/13_2_Rel1/bin/../arm-none-eabi/lib --build-id=none CMakeFiles/cmTC_9a34d.dir/CMakeCCompilerABI.c.obj
/home/milan/.pico-sdk/toolchain/13_2_Rel1/bin/../lib/gcc/arm-none-eabi/13.2.1/../../../../arm-none-eabi/bin/ld: warning: cannot find entry symbol _start; defaulting to 00008000
COLLECT_GCC_OPTIONS='-mcpu=cortex-m0plus' '-mthumb' '-nostdlib' '-v' '-o' 'cmTC_9a34d.elf' '-mfloat-abi=soft' '-mlibarch=armv6s-m' '-march=armv6s-m' '-dumpdir' 'cmTC_9a34d.elf.'
gmake[1]: Leaving directory '/home/milan/me433/blink/build/CMakeFiles/CMakeTmp'



Parsed C implicit include dir info from above output: rv=done
  found start of include info
  found start of implicit include info
    add: [/home/milan/.pico-sdk/toolchain/13_2_Rel1/bin/../lib/gcc/arm-none-eabi/13.2.1/include]
    add: [/home/milan/.pico-sdk/toolchain/13_2_Rel1/bin/../lib/gcc/arm-none-eabi/13.2.1/include-fixed]
    add: [/home/milan/.pico-sdk/toolchain/13_2_Rel1/bin/../lib/gcc/arm-none-eabi/13.2.1/../../../../arm-none-eabi/include]
  end of search list found
  collapse include dir [/home/milan/.pico-sdk/toolchain/13_2_Rel1/bin/../lib/gcc/arm-none-eabi/13.2.1/include] ==> [/home/milan/.pico-sdk/toolchain/13_2_Rel1/lib/gcc/arm-none-eabi/13.2.1/include]
  collapse include dir [/home/milan/.pico-sdk/toolchain/13_2_Rel1/bin/../lib/gcc/arm-none-eabi/13.2.1/include-fixed] ==> [/home/milan/.pico-sdk/toolchain/13_2_Rel1/lib/gcc/arm-none-eabi/13.2.1/include-fixed]
  collapse include dir [/home/milan/.pico-sdk/toolchain/13_2_Rel1/bin/../lib/gcc/arm-none-eabi/13.2.1/../../../../arm-none-eabi/include] ==> [/home/milan/.pico-sdk/toolchain/13_2_Rel1/arm-none-eabi/include]
  implicit include dirs: [/home/milan/.pico-sdk/toolchain/13_2_Rel1/lib/gcc/arm-none-eabi/13.2.1/include;/home/milan/.pico-sdk/toolchain/13_2_Rel1/lib/gcc/arm-none-eabi/13.2.1/include-fixed;/home/milan/.pico-sdk/toolchain/13_2_Rel1/arm-none-eabi/include]


Parsed C implicit link information from above output:
  link line regex: [^( *|.*[/\])(arm-none-eabi-ld|CMAKE_LINK_STARTFILE-NOTFOUND|([^/\]+-)?ld|collect2)[^/\]*( |$)]
  ignore line: [Change Dir: /home/milan/me433/blink/build/CMakeFiles/CMakeTmp]
  ignore line: []
  ignore line: [Run Build Command(s):/usr/bin/gmake -f Makefile cmTC_9a34d/fast && /usr/bin/gmake  -f CMakeFiles/cmTC_9a34d.dir/build.make CMakeFiles/cmTC_9a34d.dir/build]
  ignore line: [gmake[1]: Entering directory '/home/milan/me433/blink/build/CMakeFiles/CMakeTmp']
  ignore line: [Building C object CMakeFiles/cmTC_9a34d.dir/CMakeCCompilerABI.c.obj]
  ignore line: [/home/milan/.pico-sdk/toolchain/13_2_Rel1/bin/arm-none-eabi-gcc   -mcpu=cortex-m0plus -mthumb    -v -std=gnu11 -o CMakeFiles/cmTC_9a34d.dir/CMakeCCompilerABI.c.obj -c /usr/share/cmake-3.22/Modules/CMakeCCompilerABI.c]
  ignore line: [Using built-in specs.]
  ignore line: [COLLECT_GCC=/home/milan/.pico-sdk/toolchain/13_2_Rel1/bin/arm-none-eabi-gcc]
  ignore line: [Target: arm-none-eabi]
  ignore line: [Configured with: /data/jenkins/workspace/GNU-toolchain/arm-13/src/gcc/configure --target=arm-none-eabi --prefix=/data/jenkins/workspace/GNU-toolchain/arm-13/build-arm-none-eabi/install --with-gmp=/data/jenkins/workspace/GNU-toolchain/arm-13/build-arm-none-eabi/host-tools --with-mpfr=/data/jenkins/workspace/GNU-toolchain/arm-13/build-arm-none-eabi/host-tools --with-mpc=/data/jenkins/workspace/GNU-toolchain/arm-13/build-arm-none-eabi/host-tools --with-isl=/data/jenkins/workspace/GNU-toolchain/arm-13/build-arm-none-eabi/host-tools --disable-shared --disable-nls --disable-threads --disable-tls --enable-checking=release --enable-languages=c,c++,fortran --with-newlib --with-gnu-as --with-headers=yes --with-gnu-ld --with-native-system-header-dir=/include --with-sysroot=/data/jenkins/workspace/GNU-toolchain/arm-13/build-arm-none-eabi/install/arm-none-eabi --with-multilib-list=aprofile,rmprofile --with-pkgversion='Arm GNU Toolchain 13.2.rel1 (Build arm-13.7)' --with-bugurl=https://bugs.linaro.org/]
  ignore line: [Thread model: single]
  ignore line: [Supported LTO compression algorithms: zlib]
  ignore line: [gcc version 13.2.1 20231009 (Arm GNU Toolchain 13.2.rel1 (Build arm-13.7)) ]
  ignore line: [COLLECT_GCC_OPTIONS='-mcpu=cortex-m0plus' '-mthumb' '-v' '-std=gnu11' '-o' 'CMakeFiles/cmTC_9a34d.dir/CMakeCCompilerABI.c.obj' '-c' '-mfloat-abi=soft' '-mlibarch=armv6s-m' '-march=armv6s-m' '-dumpdir' 'CMakeFiles/cmTC_9a34d.dir/']
  ignore line: [ /home/milan/.pico-sdk/toolchain/13_2_Rel1/bin/../libexec/gcc/arm-none-eabi/13.2.1/cc1 -quiet -v -imultilib thumb/v6-m/nofp -iprefix /home/milan/.pico-sdk/toolchain/13_2_Rel1/bin/../lib/gcc/arm-none-eabi/13.2.1/ -isysroot /home/milan/.pico-sdk/toolchain/13_2_Rel1/bin/../arm-none-eabi -D__USES_INITFINI__ /usr/share/cmake-3.22/Modules/CMakeCCompilerABI.c -quiet -dumpdir CMakeFiles/cmTC_9a34d.dir/ -dumpbase CMakeCCompilerABI.c.c -dumpbase-ext .c -mcpu=cortex-m0plus -mthumb -mfloat-abi=soft -mlibarch=armv6s-m -march=armv6s-m -std=gnu11 -version -o /tmp/ccboCViI.s]
  ignore line: [GNU C11 (Arm GNU Toolchain 13.2.rel1 (Build arm-13.7)) version 13.2.1 20231009 (arm-none-eabi)]
  ignore line: [	compiled by GNU C version 4.8.5 20150623 (Red Hat 4.8.5-44)  GMP version 6.2.1  MPFR version 3.1.6  MPC version 1.0.3  isl version isl-0.15-1-g835ea3a-GMP]
  ignore line: []
  ignore line: [GGC heuristics: --param ggc-min-expand=100 --param ggc-min-heapsize=131072]
  ignore line: [ignoring duplicate directory "/home/milan/.pico-sdk/toolchain/13_2_Rel1/bin/../lib/gcc/../../lib/gcc/arm-none-eabi/13.2.1/include"]
  ignore line: [ignoring nonexistent directory "/home/milan/.pico-sdk/toolchain/13_2_Rel1/bin/../arm-none-eabi/usr/local/include"]
  ignore line: [ignoring duplicate directory "/home/milan/.pico-sdk/toolchain/13_2_Rel1/bin/../lib/gcc/../../lib/gcc/arm-none-eabi/13.2.1/include-fixed"]
  ignore line: [ignoring duplicate directory "/home/milan/.pico-sdk/toolchain/13_2_Rel1/bin/../lib/gcc/../../lib/gcc/arm-none-eabi/13.2.1/../../../../arm-none-eabi/include"]
  ignore line: [ignoring duplicate directory "/home/milan/.pico-sdk/toolchain/13_2_Rel1/bin/../arm-none-eabi/include"]
  ignore line: [#include "..." search starts here:]
  ignore line: [#include <...> search starts here:]
  ignore line: [ /home/milan/.pico-sdk/toolchain/13_2_Rel1/bin/../lib/gcc/arm-none-eabi/13.2.1/include]
  ignore line: [ /home/milan/.pico-sdk/toolchain/13_2_Rel1/bin/../lib/gcc/arm-none-eabi/13.2.1/include-fixed]
  ignore line: [ /home/milan/.pico-sdk/toolchain/13_2_Rel1/bin/../lib/gcc/arm-none-eabi/13.2.1/../../../../arm-none-eabi/include]
  ignore line: [End of search list.]
  ignore line: [Compiler executable checksum: 3af492648c23d64f81488ff0afc525a8]
  ignore line: [COLLECT_GCC_OPTIONS='-mcpu=cortex-m0plus' '-mthumb' '-v' '-std=gnu11' '-o' 'CMakeFiles/cmTC_9a34d.dir/CMakeCCompilerABI.c.obj' '-c' '-mfloat-abi=soft' '-mlibarch=armv6s-m' '-march=armv6s-m' '-dumpdir' 'CMakeFiles/cmTC_9a34d.dir/']
  ignore line: [ /home/milan/.pico-sdk/toolchain/13_2_Rel1/bin/../lib/gcc/arm-none-eabi/13.2.1/../../../../arm-none-eabi/bin/as -v -march=armv6s-m -mfloat-abi=soft -meabi=5 -o CMakeFiles/cmTC_9a34d.dir/CMakeCCompilerABI.c.obj /tmp/ccboCViI.s]
  ignore line: [GNU assembler version 2.41.0 (arm-none-eabi) using BFD version (Arm GNU Toolchain 13.2.rel1 (Build arm-13.7)) 2.41.0.20231009]
  ignore line: [COMPILER_PATH=/home/milan/.pico-sdk/toolchain/13_2_Rel1/bin/../libexec/gcc/arm-none-eabi/13.2.1/:/home/milan/.pico-sdk/toolchain/13_2_Rel1/bin/../libexec/gcc/:/home/milan/.pico-sdk/toolchain/13_2_Rel1/bin/../lib/gcc/arm-none-eabi/13.2.1/../../../../arm-none-eabi/bin/]
  ignore line: [LIBRARY_PATH=/home/milan/.pico-sdk/toolchain/13_2_Rel1/bin/../lib/gcc/arm-none-eabi/13.2.1/thumb/v6-m/nofp/:/home/milan/.pico-sdk/toolchain/13_2_Rel1/bin/../lib/gcc/arm-none-eabi/13.2.1/../../../../arm-none-eabi/lib/thumb/v6-m/nofp/:/home/milan/.pico-sdk/toolchain/13_2_Rel1/bin/../arm-none-eabi/lib/thumb/v6-m/nofp/:/home/milan/.pico-sdk/toolchain/13_2_Rel1/bin/../lib/gcc/arm-none-eabi/13.2.1/:/home/milan/.pico-sdk/toolchain/13_2_Rel1/bin/../lib/gcc/:/home/milan/.pico-sdk/toolchain/13_2_Rel1/bin/../lib/gcc/arm-none-eabi/13.2.1/../../../../arm-none-eabi/lib/:/home/milan/.pico-sdk/toolchain/13_2_Rel1/bin/../arm-none-eabi/lib/]
  ignore line: [COLLECT_GCC_OPTIONS='-mcpu=cortex-m0plus' '-mthumb' '-v' '-std=gnu11' '-o' 'CMakeFiles/cmTC_9a34d.dir/CMakeCCompilerABI.c.obj' '-c' '-mfloat-abi=soft' '-mlibarch=armv6s-m' '-march=armv6s-m' '-dumpdir' 'CMakeFiles/cmTC_9a34d.dir/CMakeCCompilerABI.c.']
  ignore line: [Linking C executable cmTC_9a34d.elf]
  ignore line: [/usr/bin/cmake -E cmake_link_script CMakeFiles/cmTC_9a34d.dir/link.txt --verbose=1]
  ignore line: [/home/milan/.pico-sdk/toolchain/13_2_Rel1/bin/arm-none-eabi-gcc -mcpu=cortex-m0plus -mthumb  -Wl --build-id=none -nostdlib  -v CMakeFiles/cmTC_9a34d.dir/CMakeCCompilerABI.c.obj -o cmTC_9a34d.elf ]
  ignore line: [Using built-in specs.]
  ignore line: [COLLECT_GCC=/home/milan/.pico-sdk/toolchain/13_2_Rel1/bin/arm-none-eabi-gcc]
  ignore line: [COLLECT_LTO_WRAPPER=/home/milan/.pico-sdk/toolchain/13_2_Rel1/bin/../libexec/gcc/arm-none-eabi/13.2.1/lto-wrapper]
  ignore line: [Target: arm-none-eabi]
  ignore line: [Configured with: /data/jenkins/workspace/GNU-toolchain/arm-13/src/gcc/configure --target=arm-none-eabi --prefix=/data/jenkins/workspace/GNU-toolchain/arm-13/build-arm-none-eabi/install --with-gmp=/data/jenkins/workspace/GNU-toolchain/arm-13/build-arm-none-eabi/host-tools --with-mpfr=/data/jenkins/workspace/GNU-toolchain/arm-13/build-arm-none-eabi/host-tools --with-mpc=/data/jenkins/workspace/GNU-toolchain/arm-13/build-arm-none-eabi/host-tools --with-isl=/data/jenkins/workspace/GNU-toolchain/arm-13/build-arm-none-eabi/host-tools --disable-shared --disable-nls --disable-threads --disable-tls --enable-checking=release --enable-languages=c,c++,fortran --with-newlib --with-gnu-as --with-headers=yes --with-gnu-ld --with-native-system-header-dir=/include --with-sysroot=/data/jenkins/workspace/GNU-toolchain/arm-13/build-arm-none-eabi/install/arm-none-eabi --with-multilib-list=aprofile,rmprofile --with-pkgversion='Arm GNU Toolchain 13.2.rel1 (Build arm-13.7)' --with-bugurl=https://bugs.linaro.org/]
  ignore line: [Thread model: single]
  ignore line: [Supported LTO compression algorithms: zlib]
  ignore line: [gcc version 13.2.1 20231009 (Arm GNU Toolchain 13.2.rel1 (Build arm-13.7)) ]
  ignore line: [COMPILER_PATH=/home/milan/.pico-sdk/toolchain/13_2_Rel1/bin/../libexec/gcc/arm-none-eabi/13.2.1/:/home/milan/.pico-sdk/toolchain/13_2_Rel1/bin/../libexec/gcc/:/home/milan/.pico-sdk/toolchain/13_2_Rel1/bin/../lib/gcc/arm-none-eabi/13.2.1/../../../../arm-none-eabi/bin/]
  ignore line: [LIBRARY_PATH=/home/milan/.pico-sdk/toolchain/13_2_Rel1/bin/../lib/gcc/arm-none-eabi/13.2.1/thumb/v6-m/nofp/:/home/milan/.pico-sdk/toolchain/13_2_Rel1/bin/../lib/gcc/arm-none-eabi/13.2.1/../../../../arm-none-eabi/lib/thumb/v6-m/nofp/:/home/milan/.pico-sdk/toolchain/13_2_Rel1/bin/../arm-none-eabi/lib/thumb/v6-m/nofp/:/home/milan/.pico-sdk/toolchain/13_2_Rel1/bin/../lib/gcc/arm-none-eabi/13.2.1/:/home/milan/.pico-sdk/toolchain/13_2_Rel1/bin/../lib/gcc/:/home/milan/.pico-sdk/toolchain/13_2_Rel1/bin/../lib/gcc/arm-none-eabi/13.2.1/../../../../arm-none-eabi/lib/:/home/milan/.pico-sdk/toolchain/13_2_Rel1/bin/../arm-none-eabi/lib/]
  ignore line: [COLLECT_GCC_OPTIONS='-mcpu=cortex-m0plus' '-mthumb' '-nostdlib' '-v' '-o' 'cmTC_9a34d.elf' '-mfloat-abi=soft' '-mlibarch=armv6s-m' '-march=armv6s-m' '-dumpdir' 'cmTC_9a34d.elf.']
  link line: [ /home/milan/.pico-sdk/toolchain/13_2_Rel1/bin/../libexec/gcc/arm-none-eabi/13.2.1/collect2 -plugin /home/milan/.pico-sdk/toolchain/13_2_Rel1/bin/../libexec/gcc/arm-none-eabi/13.2.1/liblto_plugin.so -plugin-opt=/home/milan/.pico-sdk/toolchain/13_2_Rel1/bin/../libexec/gcc/arm-none-eabi/13.2.1/lto-wrapper -plugin-opt=-fresolution=/tmp/cc3fVOqe.res --sysroot=/home/milan/.pico-sdk/toolchain/13_2_Rel1/bin/../arm-none-eabi -X -o cmTC_9a34d.elf -L/home/milan/.pico-sdk/toolchain/13_2_Rel1/bin/../lib/gcc/arm-none-eabi/13.2.1/thumb/v6-m/nofp -L/home/milan/.pico-sdk/toolchain/13_2_Rel1/bin/../lib/gcc/arm-none-eabi/13.2.1/../../../../arm-none-eabi/lib/thumb/v6-m/nofp -L/home/milan/.pico-sdk/toolchain/13_2_Rel1/bin/../arm-none-eabi/lib/thumb/v6-m/nofp -L/home/milan/.pico-sdk/toolchain/13_2_Rel1/bin/../lib/gcc/arm-none-eabi/13.2.1 -L/home/milan/.pico-sdk/toolchain/13_2_Rel1/bin/../lib/gcc -L/home/milan/.pico-sdk/toolchain/13_2_Rel1/bin/../lib/gcc/arm-none-eabi/13.2.1/../../../../arm-none-eabi/lib -L/home/milan/.pico-sdk/toolchain/13_2_Rel1/bin/../arm-none-eabi/lib --build-id=none CMakeFiles/cmTC_9a34d.dir/CMakeCCompilerABI.c.obj]
    arg [/home/milan/.pico-sdk/toolchain/13_2_Rel1/bin/../libexec/gcc/arm-none-eabi/13.2.1/collect2] ==> ignore
    arg [-plugin] ==> ignore
    arg [/home/milan/.pico-sdk/toolchain/13_2_Rel1/bin/../libexec/gcc/arm-none-eabi/13.2.1/liblto_plugin.so] ==> ignore
    arg [-plugin-opt=/home/milan/.pico-sdk/toolchain/13_2_Rel1/bin/../libexec/gcc/arm-none-eabi/13.2.1/lto-wrapper] ==> ignore
    arg [-plugin-opt=-fresolution=/tmp/cc3fVOqe.res] ==> ignore
    arg [--sysroot=/home/milan/.pico-sdk/toolchain/13_2_Rel1/bin/../arm-none-eabi] ==> ignore
    arg [-X] ==> ignore
    arg [-o] ==> ignore
    arg [cmTC_9a34d.elf] ==> ignore
    arg [-L/home/milan/.pico-sdk/toolchain/13_2_Rel1/bin/../lib/gcc/arm-none-eabi/13.2.1/thumb/v6-m/nofp] ==> dir [/home/milan/.pico-sdk/toolchain/13_2_Rel1/bin/../lib/gcc/arm-none-eabi/13.2.1/thumb/v6-m/nofp]
    arg [-L/home/milan/.pico-sdk/toolchain/13_2_Rel1/bin/../lib/gcc/arm-none-eabi/13.2.1/../../../../arm-none-eabi/lib/thumb/v6-m/nofp] ==> dir [/home/milan/.pico-sdk/toolchain/13_2_Rel1/bin/../lib/gcc/arm-none-eabi/13.2.1/../../../../arm-none-eabi/lib/thumb/v6-m/nofp]
    arg [-L/home/milan/.pico-sdk/toolchain/13_2_Rel1/bin/../arm-none-eabi/lib/thumb/v6-m/nofp] ==> dir [/home/milan/.pico-sdk/toolchain/13_2_Rel1/bin/../arm-none-eabi/lib/thumb/v6-m/nofp]
    arg [-L/home/milan/.pico-sdk/toolchain/13_2_Rel1/bin/../lib/gcc/arm-none-eabi/13.2.1] ==> dir [/home/milan/.pico-sdk/toolchain/13_2_Rel1/bin/../lib/gcc/arm-none-eabi/13.2.1]
    arg [-L/home/milan/.pico-sdk/toolchain/13_2_Rel1/bin/../lib/gcc] ==> dir [/home/milan/.pico-sdk/toolchain/13_2_Rel1/bin/../lib/gcc]
    arg [-L/home/milan/.pico-sdk/toolchain/13_2_Rel1/bin/../lib/gcc/arm-none-eabi/13.2.1/../../../../arm-none-eabi/lib] ==> dir [/home/milan/.pico-sdk/toolchain/13_2_Rel1/bin/../lib/gcc/arm-none-eabi/13.2.1/../../../../arm-none-eabi/lib]
    arg [-L/home/milan/.pico-sdk/toolchain/13_2_Rel1/bin/../arm-none-eabi/lib] ==> dir [/home/milan/.pico-sdk/toolchain/13_2_Rel1/bin/../arm-none-eabi/lib]
    arg [--build-id=none] ==> ignore
    arg [CMakeFiles/cmTC_9a34d.dir/CMakeCCompilerABI.c.obj] ==> ignore
  collapse library dir [/home/milan/.pico-sdk/toolchain/13_2_Rel1/bin/../lib/gcc/arm-none-eabi/13.2.1/thumb/v6-m/nofp] ==> [/home/milan/.pico-sdk/toolchain/13_2_Rel1/lib/gcc/arm-none-eabi/13.2.1/thumb/v6-m/nofp]
  collapse library dir [/home/milan/.pico-sdk/toolchain/13_2_Rel1/bin/../lib/gcc/arm-none-eabi/13.2.1/../../../../arm-none-eabi/lib/thumb/v6-m/nofp] ==> [/home/milan/.pico-sdk/toolchain/13_2_Rel1/arm-none-eabi/lib/thumb/v6-m/nofp]
  collapse library dir [/home/milan/.pico-sdk/toolchain/13_2_Rel1/bin/../arm-none-eabi/lib/thumb/v6-m/nofp] ==> [/home/milan/.pico-sdk/toolchain/13_2_Rel1/arm-none-eabi/lib/thumb/v6-m/nofp]
  collapse library dir [/home/milan/.pico-sdk/toolchain/13_2_Rel1/bin/../lib/gcc/arm-none-eabi/13.2.1] ==> [/home/milan/.pico-sdk/toolchain/13_2_Rel1/lib/gcc/arm-none-eabi/13.2.1]
  collapse library dir [/home/milan/.pico-sdk/toolchain/13_2_Rel1/bin/../lib/gcc] ==> [/home/milan/.pico-sdk/toolchain/13_2_Rel1/lib/gcc]
  collapse library dir [/home/milan/.pico-sdk/toolchain/13_2_Rel1/bin/../lib/gcc/arm-none-eabi/13.2.1/../../../../arm-none-eabi/lib] ==> [/home/milan/.pico-sdk/toolchain/13_2_Rel1/arm-none-eabi/lib]
  collapse library dir [/home/milan/.pico-sdk/toolchain/13_2_Rel1/bin/../arm-none-eabi/lib] ==> [/home/milan/.pico-sdk/toolchain/13_2_Rel1/arm-none-eabi/lib]
  implicit libs: []
  implicit objs: []
  implicit dirs: [/home/milan/.pico-sdk/toolchain/13_2_Rel1/lib/gcc/arm-none-eabi/13.2.1/thumb/v6-m/nofp;/home/milan/.pico-sdk/toolchain/13_2_Rel1/arm-none-eabi/lib/thumb/v6-m/nofp;/home/milan/.pico-sdk/toolchain/13_2_Rel1/lib/gcc/arm-none-eabi/13.2.1;/home/milan/.pico-sdk/toolchain/13_2_Rel1/lib/gcc;/home/milan/.pico-sdk/toolchain/13_2_Rel1/arm-none-eabi/lib]
  implicit fwks: []


Detecting CXX compiler ABI info compiled with the following output:
Change Dir: /home/milan/me433/blink/build/CMakeFiles/CMakeTmp

Run Build Command(s):/usr/bin/gmake -f Makefile cmTC_05a5f/fast && /usr/bin/gmake  -f CMakeFiles/cmTC_05a5f.dir/build.make CMakeFiles/cmTC_05a5f.dir/build
gmake[1]: Entering directory '/home/milan/me433/blink/build/CMakeFiles/CMakeTmp'
Building CXX object CMakeFiles/cmTC_05a5f.dir/CMakeCXXCompilerABI.cpp.obj
/home/milan/.pico-sdk/toolchain/13_2_Rel1/bin/arm-none-eabi-g++   -mcpu=cortex-m0plus -mthumb    -v -o CMakeFiles/cmTC_05a5f.dir/CMakeCXXCompilerABI.cpp.obj -c /usr/share/cmake-3.22/Modules/CMakeCXXCompilerABI.cpp
Using built-in specs.
COLLECT_GCC=/home/milan/.pico-sdk/toolchain/13_2_Rel1/bin/arm-none-eabi-g++
Target: arm-none-eabi
Configured with: /data/jenkins/workspace/GNU-toolchain/arm-13/src/gcc/configure --target=arm-none-eabi --prefix=/data/jenkins/workspace/GNU-toolchain/arm-13/build-arm-none-eabi/install --with-gmp=/data/jenkins/workspace/GNU-toolchain/arm-13/build-arm-none-eabi/host-tools --with-mpfr=/data/jenkins/workspace/GNU-toolchain/arm-13/build-arm-none-eabi/host-tools --with-mpc=/data/jenkins/workspace/GNU-toolchain/arm-13/build-arm-none-eabi/host-tools --with-isl=/data/jenkins/workspace/GNU-toolchain/arm-13/build-arm-none-eabi/host-tools --disable-shared --disable-nls --disable-threads --disable-tls --enable-checking=release --enable-languages=c,c++,fortran --with-newlib --with-gnu-as --with-headers=yes --with-gnu-ld --with-native-system-header-dir=/include --with-sysroot=/data/jenkins/workspace/GNU-toolchain/arm-13/build-arm-none-eabi/install/arm-none-eabi --with-multilib-list=aprofile,rmprofile --with-pkgversion='Arm GNU Toolchain 13.2.rel1 (Build arm-13.7)' --with-bugurl=https://bugs.linaro.org/
Thread model: single
Supported LTO compression algorithms: zlib
gcc version 13.2.1 20231009 (Arm GNU Toolchain 13.2.rel1 (Build arm-13.7)) 
COLLECT_GCC_OPTIONS='-mcpu=cortex-m0plus' '-mthumb' '-v' '-o' 'CMakeFiles/cmTC_05a5f.dir/CMakeCXXCompilerABI.cpp.obj' '-c' '-mfloat-abi=soft' '-mlibarch=armv6s-m' '-march=armv6s-m' '-dumpdir' 'CMakeFiles/cmTC_05a5f.dir/'
 /home/milan/.pico-sdk/toolchain/13_2_Rel1/bin/../libexec/gcc/arm-none-eabi/13.2.1/cc1plus -quiet -v -imultilib thumb/v6-m/nofp -iprefix /home/milan/.pico-sdk/toolchain/13_2_Rel1/bin/../lib/gcc/arm-none-eabi/13.2.1/ -isysroot /home/milan/.pico-sdk/toolchain/13_2_Rel1/bin/../arm-none-eabi -D__USES_INITFINI__ /usr/share/cmake-3.22/Modules/CMakeCXXCompilerABI.cpp -quiet -dumpdir CMakeFiles/cmTC_05a5f.dir/ -dumpbase CMakeCXXCompilerABI.cpp.cpp -dumpbase-ext .cpp -mcpu=cortex-m0plus -mthumb -mfloat-abi=soft -mlibarch=armv6s-m -march=armv6s-m -version -o /tmp/cc5BygZL.s
GNU C++17 (Arm GNU Toolchain 13.2.rel1 (Build arm-13.7)) version 13.2.1 20231009 (arm-none-eabi)
	compiled by GNU C version 4.8.5 20150623 (Red Hat 4.8.5-44), GMP version 6.2.1, MPFR version 3.1.6, MPC version 1.0.3, isl version isl-0.15-1-g835ea3a-GMP

GGC heuristics: --param ggc-min-expand=100 --param ggc-min-heapsize=131072
ignoring duplicate directory "/home/milan/.pico-sdk/toolchain/13_2_Rel1/bin/../lib/gcc/../../lib/gcc/arm-none-eabi/13.2.1/../../../../arm-none-eabi/include/c++/13.2.1"
ignoring duplicate directory "/home/milan/.pico-sdk/toolchain/13_2_Rel1/bin/../lib/gcc/../../lib/gcc/arm-none-eabi/13.2.1/../../../../arm-none-eabi/include/c++/13.2.1/arm-none-eabi/thumb/v6-m/nofp"
ignoring duplicate directory "/home/milan/.pico-sdk/toolchain/13_2_Rel1/bin/../lib/gcc/../../lib/gcc/arm-none-eabi/13.2.1/../../../../arm-none-eabi/include/c++/13.2.1/backward"
ignoring duplicate directory "/home/milan/.pico-sdk/toolchain/13_2_Rel1/bin/../lib/gcc/../../lib/gcc/arm-none-eabi/13.2.1/include"
ignoring nonexistent directory "/home/milan/.pico-sdk/toolchain/13_2_Rel1/bin/../arm-none-eabi/usr/local/include"
ignoring duplicate directory "/home/milan/.pico-sdk/toolchain/13_2_Rel1/bin/../lib/gcc/../../lib/gcc/arm-none-eabi/13.2.1/include-fixed"
ignoring duplicate directory "/home/milan/.pico-sdk/toolchain/13_2_Rel1/bin/../lib/gcc/../../lib/gcc/arm-none-eabi/13.2.1/../../../../arm-none-eabi/include"
ignoring duplicate directory "/home/milan/.pico-sdk/toolchain/13_2_Rel1/bin/../arm-none-eabi/include"
#include "..." search starts here:
#include <...> search starts here:
 /home/milan/.pico-sdk/toolchain/13_2_Rel1/bin/../lib/gcc/arm-none-eabi/13.2.1/../../../../arm-none-eabi/include/c++/13.2.1
 /home/milan/.pico-sdk/toolchain/13_2_Rel1/bin/../lib/gcc/arm-none-eabi/13.2.1/../../../../arm-none-eabi/include/c++/13.2.1/arm-none-eabi/thumb/v6-m/nofp
 /home/milan/.pico-sdk/toolchain/13_2_Rel1/bin/../lib/gcc/arm-none-eabi/13.2.1/../../../../arm-none-eabi/include/c++/13.2.1/backward
 /home/milan/.pico-sdk/toolchain/13_2_Rel1/bin/../lib/gcc/arm-none-eabi/13.2.1/include
 /home/milan/.pico-sdk/toolchain/13_2_Rel1/bin/../lib/gcc/arm-none-eabi/13.2.1/include-fixed
 /home/milan/.pico-sdk/toolchain/13_2_Rel1/bin/../lib/gcc/arm-none-eabi/13.2.1/../../../../arm-none-eabi/include
End of search list.
Compiler executable checksum: c5cd373d816abe4682fcfe3b0ef0c0c5
COLLECT_GCC_OPTIONS='-mcpu=cortex-m0plus' '-mthumb' '-v' '-o' 'CMakeFiles/cmTC_05a5f.dir/CMakeCXXCompilerABI.cpp.obj' '-c' '-mfloat-abi=soft' '-mlibarch=armv6s-m' '-march=armv6s-m' '-dumpdir' 'CMakeFiles/cmTC_05a5f.dir/'
 /home/milan/.pico-sdk/toolchain/13_2_Rel1/bin/../lib/gcc/arm-none-eabi/13.2.1/../../../../arm-none-eabi/bin/as -v -march=armv6s-m -mfloat-abi=soft -meabi=5 -o CMakeFiles/cmTC_05a5f.dir/CMakeCXXCompilerABI.cpp.obj /tmp/cc5BygZL.s
GNU assembler version 2.41.0 (arm-none-eabi) using BFD version (Arm GNU Toolchain 13.2.rel1 (Build arm-13.7)) 2.41.0.20231009
COMPILER_PATH=/home/milan/.pico-sdk/toolchain/13_2_Rel1/bin/../libexec/gcc/arm-none-eabi/13.2.1/:/home/milan/.pico-sdk/toolchain/13_2_Rel1/bin/../libexec/gcc/:/home/milan/.pico-sdk/toolchain/13_2_Rel1/bin/../lib/gcc/arm-none-eabi/13.2.1/../../../../arm-none-eabi/bin/
LIBRARY_PATH=/home/milan/.pico-sdk/toolchain/13_2_Rel1/bin/../lib/gcc/arm-none-eabi/13.2.1/thumb/v6-m/nofp/:/home/milan/.pico-sdk/toolchain/13_2_Rel1/bin/../lib/gcc/arm-none-eabi/13.2.1/../../../../arm-none-eabi/lib/thumb/v6-m/nofp/:/home/milan/.pico-sdk/toolchain/13_2_Rel1/bin/../arm-none-eabi/lib/thumb/v6-m/nofp/:/home/milan/.pico-sdk/toolchain/13_2_Rel1/bin/../lib/gcc/arm-none-eabi/13.2.1/:/home/milan/.pico-sdk/toolchain/13_2_Rel1/bin/../lib/gcc/:/home/milan/.pico-sdk/toolchain/13_2_Rel1/bin/../lib/gcc/arm-none-eabi/13.2.1/../../../../arm-none-eabi/lib/:/home/milan/.pico-sdk/toolchain/13_2_Rel1/bin/../arm-none-eabi/lib/
COLLECT_GCC_OPTIONS='-mcpu=cortex-m0plus' '-mthumb' '-v' '-o' 'CMakeFiles/cmTC_05a5f.dir/CMakeCXXCompilerABI.cpp.obj' '-c' '-mfloat-abi=soft' '-mlibarch=armv6s-m' '-march=armv6s-m' '-dumpdir' 'CMakeFiles/cmTC_05a5f.dir/CMakeCXXCompilerABI.cpp.'
Linking CXX executable cmTC_05a5f.elf
/usr/bin/cmake -E cmake_link_script CMakeFiles/cmTC_05a5f.dir/link.txt --verbose=1
/home/milan/.pico-sdk/toolchain/13_2_Rel1/bin/arm-none-eabi-g++ -mcpu=cortex-m0plus -mthumb  -Wl,--build-id=none -nostdlib  -v CMakeFiles/cmTC_05a5f.dir/CMakeCXXCompilerABI.cpp.obj -o cmTC_05a5f.elf 
Using built-in specs.
COLLECT_GCC=/home/milan/.pico-sdk/toolchain/13_2_Rel1/bin/arm-none-eabi-g++
COLLECT_LTO_WRAPPER=/home/milan/.pico-sdk/toolchain/13_2_Rel1/bin/../libexec/gcc/arm-none-eabi/13.2.1/lto-wrapper
Target: arm-none-eabi
Configured with: /data/jenkins/workspace/GNU-toolchain/arm-13/src/gcc/configure --target=arm-none-eabi --prefix=/data/jenkins/workspace/GNU-toolchain/arm-13/build-arm-none-eabi/install --with-gmp=/data/jenkins/workspace/GNU-toolchain/arm-13/build-arm-none-eabi/host-tools --with-mpfr=/data/jenkins/workspace/GNU-toolchain/arm-13/build-arm-none-eabi/host-tools --with-mpc=/data/jenkins/workspace/GNU-toolchain/arm-13/build-arm-none-eabi/host-tools --with-isl=/data/jenkins/workspace/GNU-toolchain/arm-13/build-arm-none-eabi/host-tools --disable-shared --disable-nls --disable-threads --disable-tls --enable-checking=release --enable-languages=c,c++,fortran --with-newlib --with-gnu-as --with-headers=yes --with-gnu-ld --with-native-system-header-dir=/include --with-sysroot=/data/jenkins/workspace/GNU-toolchain/arm-13/build-arm-none-eabi/install/arm-none-eabi --with-multilib-list=aprofile,rmprofile --with-pkgversion='Arm GNU Toolchain 13.2.rel1 (Build arm-13.7)' --with-bugurl=https://bugs.linaro.org/
Thread model: single
Supported LTO compression algorithms: zlib
gcc version 13.2.1 20231009 (Arm GNU Toolchain 13.2.rel1 (Build arm-13.7)) 
COMPILER_PATH=/home/milan/.pico-sdk/toolchain/13_2_Rel1/bin/../libexec/gcc/arm-none-eabi/13.2.1/:/home/milan/.pico-sdk/toolchain/13_2_Rel1/bin/../libexec/gcc/:/home/milan/.pico-sdk/toolchain/13_2_Rel1/bin/../lib/gcc/arm-none-eabi/13.2.1/../../../../arm-none-eabi/bin/
LIBRARY_PATH=/home/milan/.pico-sdk/toolchain/13_2_Rel1/bin/../lib/gcc/arm-none-eabi/13.2.1/thumb/v6-m/nofp/:/home/milan/.pico-sdk/toolchain/13_2_Rel1/bin/../lib/gcc/arm-none-eabi/13.2.1/../../../../arm-none-eabi/lib/thumb/v6-m/nofp/:/home/milan/.pico-sdk/toolchain/13_2_Rel1/bin/../arm-none-eabi/lib/thumb/v6-m/nofp/:/home/milan/.pico-sdk/toolchain/13_2_Rel1/bin/../lib/gcc/arm-none-eabi/13.2.1/:/home/milan/.pico-sdk/toolchain/13_2_Rel1/bin/../lib/gcc/:/home/milan/.pico-sdk/toolchain/13_2_Rel1/bin/../lib/gcc/arm-none-eabi/13.2.1/../../../../arm-none-eabi/lib/:/home/milan/.pico-sdk/toolchain/13_2_Rel1/bin/../arm-none-eabi/lib/
COLLECT_GCC_OPTIONS='-mcpu=cortex-m0plus' '-mthumb' '-nostdlib' '-v' '-o' 'cmTC_05a5f.elf' '-mfloat-abi=soft' '-mlibarch=armv6s-m' '-march=armv6s-m' '-dumpdir' 'cmTC_05a5f.elf.'
 /home/milan/.pico-sdk/toolchain/13_2_Rel1/bin/../libexec/gcc/arm-none-eabi/13.2.1/collect2 -plugin /home/milan/.pico-sdk/toolchain/13_2_Rel1/bin/../libexec/gcc/arm-none-eabi/13.2.1/liblto_plugin.so -plugin-opt=/home/milan/.pico-sdk/toolchain/13_2_Rel1/bin/../libexec/gcc/arm-none-eabi/13.2.1/lto-wrapper -plugin-opt=-fresolution=/tmp/ccJxQilY.res --sysroot=/home/milan/.pico-sdk/toolchain/13_2_Rel1/bin/../arm-none-eabi -X -o cmTC_05a5f.elf -L/home/milan/.pico-sdk/toolchain/13_2_Rel1/bin/../lib/gcc/arm-none-eabi/13.2.1/thumb/v6-m/nofp -L/home/milan/.pico-sdk/toolchain/13_2_Rel1/bin/../lib/gcc/arm-none-eabi/13.2.1/../../../../arm-none-eabi/lib/thumb/v6-m/nofp -L/home/milan/.pico-sdk/toolchain/13_2_Rel1/bin/../arm-none-eabi/lib/thumb/v6-m/nofp -L/home/milan/.pico-sdk/toolchain/13_2_Rel1/bin/../lib/gcc/arm-none-eabi/13.2.1 -L/home/milan/.pico-sdk/toolchain/13_2_Rel1/bin/../lib/gcc -L/home/milan/.pico-sdk/toolchain/13_2_Rel1/bin/../lib/gcc/arm-none-eabi/13.2.1/../../../../arm-none-eabi/lib -L/home/milan/.pico-sdk/toolchain/13_2_Rel1/bin/../arm-none-eabi/lib --build-id=none CMakeFiles/cmTC_05a5f.dir/CMakeCXXCompilerABI.cpp.obj
/home/milan/.pico-sdk/toolchain/13_2_Rel1/bin/../lib/gcc/arm-none-eabi/13.2.1/../../../../arm-none-eabi/bin/ld: warning: cannot find entry symbol _start; defaulting to 00008000
COLLECT_GCC_OPTIONS='-mcpu=cortex-m0plus' '-mthumb' '-nostdlib' '-v' '-o' 'cmTC_05a5f.elf' '-mfloat-abi=soft' '-mlibarch=armv6s-m' '-march=armv6s-m' '-dumpdir' 'cmTC_05a5f.elf.'
gmake[1]: Leaving directory '/home/milan/me433/blink/build/CMakeFiles/CMakeTmp'



Parsed CXX implicit include dir info from above output: rv=done
  found start of include info
  found start of implicit include info
    add: [/home/milan/.pico-sdk/toolchain/13_2_Rel1/bin/../lib/gcc/arm-none-eabi/13.2.1/../../../../arm-none-eabi/include/c++/13.2.1]
    add: [/home/milan/.pico-sdk/toolchain/13_2_Rel1/bin/../lib/gcc/arm-none-eabi/13.2.1/../../../../arm-none-eabi/include/c++/13.2.1/arm-none-eabi/thumb/v6-m/nofp]
    add: [/home/milan/.pico-sdk/toolchain/13_2_Rel1/bin/../lib/gcc/arm-none-eabi/13.2.1/../../../../arm-none-eabi/include/c++/13.2.1/backward]
    add: [/home/milan/.pico-sdk/toolchain/13_2_Rel1/bin/../lib/gcc/arm-none-eabi/13.2.1/include]
    add: [/home/milan/.pico-sdk/toolchain/13_2_Rel1/bin/../lib/gcc/arm-none-eabi/13.2.1/include-fixed]
    add: [/home/milan/.pico-sdk/toolchain/13_2_Rel1/bin/../lib/gcc/arm-none-eabi/13.2.1/../../../../arm-none-eabi/include]
  end of search list found
  collapse include dir [/home/milan/.pico-sdk/toolchain/13_2_Rel1/bin/../lib/gcc/arm-none-eabi/13.2.1/../../../../arm-none-eabi/include/c++/13.2.1] ==> [/home/milan/.pico-sdk/toolchain/13_2_Rel1/arm-none-eabi/include/c++/13.2.1]
  collapse include dir [/home/milan/.pico-sdk/toolchain/13_2_Rel1/bin/../lib/gcc/arm-none-eabi/13.2.1/../../../../arm-none-eabi/include/c++/13.2.1/arm-none-eabi/thumb/v6-m/nofp] ==> [/home/milan/.pico-sdk/toolchain/13_2_Rel1/arm-none-eabi/include/c++/13.2.1/arm-none-eabi/thumb/v6-m/nofp]
  collapse include dir [/home/milan/.pico-sdk/toolchain/13_2_Rel1/bin/../lib/gcc/arm-none-eabi/13.2.1/../../../../arm-none-eabi/include/c++/13.2.1/backward] ==> [/home/milan/.pico-sdk/toolchain/13_2_Rel1/arm-none-eabi/include/c++/13.2.1/backward]
  collapse include dir [/home/milan/.pico-sdk/toolchain/13_2_Rel1/bin/../lib/gcc/arm-none-eabi/13.2.1/include] ==> [/home/milan/.pico-sdk/toolchain/13_2_Rel1/lib/gcc/arm-none-eabi/13.2.1/include]
  collapse include dir [/home/milan/.pico-sdk/toolchain/13_2_Rel1/bin/../lib/gcc/arm-none-eabi/13.2.1/include-fixed] ==> [/home/milan/.pico-sdk/toolchain/13_2_Rel1/lib/gcc/arm-none-eabi/13.2.1/include-fixed]
  collapse include dir [/home/milan/.pico-sdk/toolchain/13_2_Rel1/bin/../lib/gcc/arm-none-eabi/13.2.1/../../../../arm-none-eabi/include] ==> [/home/milan/.pico-sdk/toolchain/13_2_Rel1/arm-none-eabi/include]
  implicit include dirs: [/home/milan/.pico-sdk/toolchain/13_2_Rel1/arm-none-eabi/include/c++/13.2.1;/home/milan/.pico-sdk/toolchain/13_2_Rel1/arm-none-eabi/include/c++/13.2.1/arm-none-eabi/thumb/v6-m/nofp;/home/milan/.pico-sdk/toolchain/13_2_Rel1/arm-none-eabi/include/c++/13.2.1/backward;/home/milan/.pico-sdk/toolchain/13_2_Rel1/lib/gcc/arm-none-eabi/13.2.1/include;/home/milan/.pico-sdk/toolchain/13_2_Rel1/lib/gcc/arm-none-eabi/13.2.1/include-fixed;/home/milan/.pico-sdk/toolchain/13_2_Rel1/arm-none-eabi/include]


Parsed CXX implicit link information from above output:
  link line regex: [^( *|.*[/\])(arm-none-eabi-ld|CMAKE_LINK_STARTFILE-NOTFOUND|([^/\]+-)?ld|collect2)[^/\]*( |$)]
  ignore line: [Change Dir: /home/milan/me433/blink/build/CMakeFiles/CMakeTmp]
  ignore line: []
  ignore line: [Run Build Command(s):/usr/bin/gmake -f Makefile cmTC_05a5f/fast && /usr/bin/gmake  -f CMakeFiles/cmTC_05a5f.dir/build.make CMakeFiles/cmTC_05a5f.dir/build]
  ignore line: [gmake[1]: Entering directory '/home/milan/me433/blink/build/CMakeFiles/CMakeTmp']
  ignore line: [Building CXX object CMakeFiles/cmTC_05a5f.dir/CMakeCXXCompilerABI.cpp.obj]
  ignore line: [/home/milan/.pico-sdk/toolchain/13_2_Rel1/bin/arm-none-eabi-g++   -mcpu=cortex-m0plus -mthumb    -v -o CMakeFiles/cmTC_05a5f.dir/CMakeCXXCompilerABI.cpp.obj -c /usr/share/cmake-3.22/Modules/CMakeCXXCompilerABI.cpp]
  ignore line: [Using built-in specs.]
  ignore line: [COLLECT_GCC=/home/milan/.pico-sdk/toolchain/13_2_Rel1/bin/arm-none-eabi-g++]
  ignore line: [Target: arm-none-eabi]
  ignore line: [Configured with: /data/jenkins/workspace/GNU-toolchain/arm-13/src/gcc/configure --target=arm-none-eabi --prefix=/data/jenkins/workspace/GNU-toolchain/arm-13/build-arm-none-eabi/install --with-gmp=/data/jenkins/workspace/GNU-toolchain/arm-13/build-arm-none-eabi/host-tools --with-mpfr=/data/jenkins/workspace/GNU-toolchain/arm-13/build-arm-none-eabi/host-tools --with-mpc=/data/jenkins/workspace/GNU-toolchain/arm-13/build-arm-none-eabi/host-tools --with-isl=/data/jenkins/workspace/GNU-toolchain/arm-13/build-arm-none-eabi/host-tools --disable-shared --disable-nls --disable-threads --disable-tls --enable-checking=release --enable-languages=c,c++,fortran --with-newlib --with-gnu-as --with-headers=yes --with-gnu-ld --with-native-system-header-dir=/include --with-sysroot=/data/jenkins/workspace/GNU-toolchain/arm-13/build-arm-none-eabi/install/arm-none-eabi --with-multilib-list=aprofile,rmprofile --with-pkgversion='Arm GNU Toolchain 13.2.rel1 (Build arm-13.7)' --with-bugurl=https://bugs.linaro.org/]
  ignore line: [Thread model: single]
  ignore line: [Supported LTO compression algorithms: zlib]
  ignore line: [gcc version 13.2.1 20231009 (Arm GNU Toolchain 13.2.rel1 (Build arm-13.7)) ]
  ignore line: [COLLECT_GCC_OPTIONS='-mcpu=cortex-m0plus' '-mthumb' '-v' '-o' 'CMakeFiles/cmTC_05a5f.dir/CMakeCXXCompilerABI.cpp.obj' '-c' '-mfloat-abi=soft' '-mlibarch=armv6s-m' '-march=armv6s-m' '-dumpdir' 'CMakeFiles/cmTC_05a5f.dir/']
  ignore line: [ /home/milan/.pico-sdk/toolchain/13_2_Rel1/bin/../libexec/gcc/arm-none-eabi/13.2.1/cc1plus -quiet -v -imultilib thumb/v6-m/nofp -iprefix /home/milan/.pico-sdk/toolchain/13_2_Rel1/bin/../lib/gcc/arm-none-eabi/13.2.1/ -isysroot /home/milan/.pico-sdk/toolchain/13_2_Rel1/bin/../arm-none-eabi -D__USES_INITFINI__ /usr/share/cmake-3.22/Modules/CMakeCXXCompilerABI.cpp -quiet -dumpdir CMakeFiles/cmTC_05a5f.dir/ -dumpbase CMakeCXXCompilerABI.cpp.cpp -dumpbase-ext .cpp -mcpu=cortex-m0plus -mthumb -mfloat-abi=soft -mlibarch=armv6s-m -march=armv6s-m -version -o /tmp/cc5BygZL.s]
  ignore line: [GNU C++17 (Arm GNU Toolchain 13.2.rel1 (Build arm-13.7)) version 13.2.1 20231009 (arm-none-eabi)]
  ignore line: [	compiled by GNU C version 4.8.5 20150623 (Red Hat 4.8.5-44)  GMP version 6.2.1  MPFR version 3.1.6  MPC version 1.0.3  isl version isl-0.15-1-g835ea3a-GMP]
  ignore line: []
  ignore line: [GGC heuristics: --param ggc-min-expand=100 --param ggc-min-heapsize=131072]
  ignore line: [ignoring duplicate directory "/home/milan/.pico-sdk/toolchain/13_2_Rel1/bin/../lib/gcc/../../lib/gcc/arm-none-eabi/13.2.1/../../../../arm-none-eabi/include/c++/13.2.1"]
  ignore line: [ignoring duplicate directory "/home/milan/.pico-sdk/toolchain/13_2_Rel1/bin/../lib/gcc/../../lib/gcc/arm-none-eabi/13.2.1/../../../../arm-none-eabi/include/c++/13.2.1/arm-none-eabi/thumb/v6-m/nofp"]
  ignore line: [ignoring duplicate directory "/home/milan/.pico-sdk/toolchain/13_2_Rel1/bin/../lib/gcc/../../lib/gcc/arm-none-eabi/13.2.1/../../../../arm-none-eabi/include/c++/13.2.1/backward"]
  ignore line: [ignoring duplicate directory "/home/milan/.pico-sdk/toolchain/13_2_Rel1/bin/../lib/gcc/../../lib/gcc/arm-none-eabi/13.2.1/include"]
  ignore line: [ignoring nonexistent directory "/home/milan/.pico-sdk/toolchain/13_2_Rel1/bin/../arm-none-eabi/usr/local/include"]
  ignore line: [ignoring duplicate directory "/home/milan/.pico-sdk/toolchain/13_2_Rel1/bin/../lib/gcc/../../lib/gcc/arm-none-eabi/13.2.1/include-fixed"]
  ignore line: [ignoring duplicate directory "/home/milan/.pico-sdk/toolchain/13_2_Rel1/bin/../lib/gcc/../../lib/gcc/arm-none-eabi/13.2.1/../../../../arm-none-eabi/include"]
  ignore line: [ignoring duplicate directory "/home/milan/.pico-sdk/toolchain/13_2_Rel1/bin/../arm-none-eabi/include"]
  ignore line: [#include "..." search starts here:]
  ignore line: [#include <...> search starts here:]
  ignore line: [ /home/milan/.pico-sdk/toolchain/13_2_Rel1/bin/../lib/gcc/arm-none-eabi/13.2.1/../../../../arm-none-eabi/include/c++/13.2.1]
  ignore line: [ /home/milan/.pico-sdk/toolchain/13_2_Rel1/bin/../lib/gcc/arm-none-eabi/13.2.1/../../../../arm-none-eabi/include/c++/13.2.1/arm-none-eabi/thumb/v6-m/nofp]
  ignore line: [ /home/milan/.pico-sdk/toolchain/13_2_Rel1/bin/../lib/gcc/arm-none-eabi/13.2.1/../../../../arm-none-eabi/include/c++/13.2.1/backward]
  ignore line: [ /home/milan/.pico-sdk/toolchain/13_2_Rel1/bin/../lib/gcc/arm-none-eabi/13.2.1/include]
  ignore line: [ /home/milan/.pico-sdk/toolchain/13_2_Rel1/bin/../lib/gcc/arm-none-eabi/13.2.1/include-fixed]
  ignore line: [ /home/milan/.pico-sdk/toolchain/13_2_Rel1/bin/../lib/gcc/arm-none-eabi/13.2.1/../../../../arm-none-eabi/include]
  ignore line: [End of search list.]
  ignore line: [Compiler executable checksum: c5cd373d816abe4682fcfe3b0ef0c0c5]
  ignore line: [COLLECT_GCC_OPTIONS='-mcpu=cortex-m0plus' '-mthumb' '-v' '-o' 'CMakeFiles/cmTC_05a5f.dir/CMakeCXXCompilerABI.cpp.obj' '-c' '-mfloat-abi=soft' '-mlibarch=armv6s-m' '-march=armv6s-m' '-dumpdir' 'CMakeFiles/cmTC_05a5f.dir/']
  ignore line: [ /home/milan/.pico-sdk/toolchain/13_2_Rel1/bin/../lib/gcc/arm-none-eabi/13.2.1/../../../../arm-none-eabi/bin/as -v -march=armv6s-m -mfloat-abi=soft -meabi=5 -o CMakeFiles/cmTC_05a5f.dir/CMakeCXXCompilerABI.cpp.obj /tmp/cc5BygZL.s]
  ignore line: [GNU assembler version 2.41.0 (arm-none-eabi) using BFD version (Arm GNU Toolchain 13.2.rel1 (Build arm-13.7)) 2.41.0.20231009]
  ignore line: [COMPILER_PATH=/home/milan/.pico-sdk/toolchain/13_2_Rel1/bin/../libexec/gcc/arm-none-eabi/13.2.1/:/home/milan/.pico-sdk/toolchain/13_2_Rel1/bin/../libexec/gcc/:/home/milan/.pico-sdk/toolchain/13_2_Rel1/bin/../lib/gcc/arm-none-eabi/13.2.1/../../../../arm-none-eabi/bin/]
  ignore line: [LIBRARY_PATH=/home/milan/.pico-sdk/toolchain/13_2_Rel1/bin/../lib/gcc/arm-none-eabi/13.2.1/thumb/v6-m/nofp/:/home/milan/.pico-sdk/toolchain/13_2_Rel1/bin/../lib/gcc/arm-none-eabi/13.2.1/../../../../arm-none-eabi/lib/thumb/v6-m/nofp/:/home/milan/.pico-sdk/toolchain/13_2_Rel1/bin/../arm-none-eabi/lib/thumb/v6-m/nofp/:/home/milan/.pico-sdk/toolchain/13_2_Rel1/bin/../lib/gcc/arm-none-eabi/13.2.1/:/home/milan/.pico-sdk/toolchain/13_2_Rel1/bin/../lib/gcc/:/home/milan/.pico-sdk/toolchain/13_2_Rel1/bin/../lib/gcc/arm-none-eabi/13.2.1/../../../../arm-none-eabi/lib/:/home/milan/.pico-sdk/toolchain/13_2_Rel1/bin/../arm-none-eabi/lib/]
  ignore line: [COLLECT_GCC_OPTIONS='-mcpu=cortex-m0plus' '-mthumb' '-v' '-o' 'CMakeFiles/cmTC_05a5f.dir/CMakeCXXCompilerABI.cpp.obj' '-c' '-mfloat-abi=soft' '-mlibarch=armv6s-m' '-march=armv6s-m' '-dumpdir' 'CMakeFiles/cmTC_05a5f.dir/CMakeCXXCompilerABI.cpp.']
  ignore line: [Linking CXX executable cmTC_05a5f.elf]
  ignore line: [/usr/bin/cmake -E cmake_link_script CMakeFiles/cmTC_05a5f.dir/link.txt --verbose=1]
  ignore line: [/home/milan/.pico-sdk/toolchain/13_2_Rel1/bin/arm-none-eabi-g++ -mcpu=cortex-m0plus -mthumb  -Wl --build-id=none -nostdlib  -v CMakeFiles/cmTC_05a5f.dir/CMakeCXXCompilerABI.cpp.obj -o cmTC_05a5f.elf ]
  ignore line: [Using built-in specs.]
  ignore line: [COLLECT_GCC=/home/milan/.pico-sdk/toolchain/13_2_Rel1/bin/arm-none-eabi-g++]
  ignore line: [COLLECT_LTO_WRAPPER=/home/milan/.pico-sdk/toolchain/13_2_Rel1/bin/../libexec/gcc/arm-none-eabi/13.2.1/lto-wrapper]
  ignore line: [Target: arm-none-eabi]
  ignore line: [Configured with: /data/jenkins/workspace/GNU-toolchain/arm-13/src/gcc/configure --target=arm-none-eabi --prefix=/data/jenkins/workspace/GNU-toolchain/arm-13/build-arm-none-eabi/install --with-gmp=/data/jenkins/workspace/GNU-toolchain/arm-13/build-arm-none-eabi/host-tools --with-mpfr=/data/jenkins/workspace/GNU-toolchain/arm-13/build-arm-none-eabi/host-tools --with-mpc=/data/jenkins/workspace/GNU-toolchain/arm-13/build-arm-none-eabi/host-tools --with-isl=/data/jenkins/workspace/GNU-toolchain/arm-13/build-arm-none-eabi/host-tools --disable-shared --disable-nls --disable-threads --disable-tls --enable-checking=release --enable-languages=c,c++,fortran --with-newlib --with-gnu-as --with-headers=yes --with-gnu-ld --with-native-system-header-dir=/include --with-sysroot=/data/jenkins/workspace/GNU-toolchain/arm-13/build-arm-none-eabi/install/arm-none-eabi --with-multilib-list=aprofile,rmprofile --with-pkgversion='Arm GNU Toolchain 13.2.rel1 (Build arm-13.7)' --with-bugurl=https://bugs.linaro.org/]
  ignore line: [Thread model: single]
  ignore line: [Supported LTO compression algorithms: zlib]
  ignore line: [gcc version 13.2.1 20231009 (Arm GNU Toolchain 13.2.rel1 (Build arm-13.7)) ]
  ignore line: [COMPILER_PATH=/home/milan/.pico-sdk/toolchain/13_2_Rel1/bin/../libexec/gcc/arm-none-eabi/13.2.1/:/home/milan/.pico-sdk/toolchain/13_2_Rel1/bin/../libexec/gcc/:/home/milan/.pico-sdk/toolchain/13_2_Rel1/bin/../lib/gcc/arm-none-eabi/13.2.1/../../../../arm-none-eabi/bin/]
  ignore line: [LIBRARY_PATH=/home/milan/.pico-sdk/toolchain/13_2_Rel1/bin/../lib/gcc/arm-none-eabi/13.2.1/thumb/v6-m/nofp/:/home/milan/.pico-sdk/toolchain/13_2_Rel1/bin/../lib/gcc/arm-none-eabi/13.2.1/../../../../arm-none-eabi/lib/thumb/v6-m/nofp/:/home/milan/.pico-sdk/toolchain/13_2_Rel1/bin/../arm-none-eabi/lib/thumb/v6-m/nofp/:/home/milan/.pico-sdk/toolchain/13_2_Rel1/bin/../lib/gcc/arm-none-eabi/13.2.1/:/home/milan/.pico-sdk/toolchain/13_2_Rel1/bin/../lib/gcc/:/home/milan/.pico-sdk/toolchain/13_2_Rel1/bin/../lib/gcc/arm-none-eabi/13.2.1/../../../../arm-none-eabi/lib/:/home/milan/.pico-sdk/toolchain/13_2_Rel1/bin/../arm-none-eabi/lib/]
  ignore line: [COLLECT_GCC_OPTIONS='-mcpu=cortex-m0plus' '-mthumb' '-nostdlib' '-v' '-o' 'cmTC_05a5f.elf' '-mfloat-abi=soft' '-mlibarch=armv6s-m' '-march=armv6s-m' '-dumpdir' 'cmTC_05a5f.elf.']
  link line: [ /home/milan/.pico-sdk/toolchain/13_2_Rel1/bin/../libexec/gcc/arm-none-eabi/13.2.1/collect2 -plugin /home/milan/.pico-sdk/toolchain/13_2_Rel1/bin/../libexec/gcc/arm-none-eabi/13.2.1/liblto_plugin.so -plugin-opt=/home/milan/.pico-sdk/toolchain/13_2_Rel1/bin/../libexec/gcc/arm-none-eabi/13.2.1/lto-wrapper -plugin-opt=-fresolution=/tmp/ccJxQilY.res --sysroot=/home/milan/.pico-sdk/toolchain/13_2_Rel1/bin/../arm-none-eabi -X -o cmTC_05a5f.elf -L/home/milan/.pico-sdk/toolchain/13_2_Rel1/bin/../lib/gcc/arm-none-eabi/13.2.1/thumb/v6-m/nofp -L/home/milan/.pico-sdk/toolchain/13_2_Rel1/bin/../lib/gcc/arm-none-eabi/13.2.1/../../../../arm-none-eabi/lib/thumb/v6-m/nofp -L/home/milan/.pico-sdk/toolchain/13_2_Rel1/bin/../arm-none-eabi/lib/thumb/v6-m/nofp -L/home/milan/.pico-sdk/toolchain/13_2_Rel1/bin/../lib/gcc/arm-none-eabi/13.2.1 -L/home/milan/.pico-sdk/toolchain/13_2_Rel1/bin/../lib/gcc -L/home/milan/.pico-sdk/toolchain/13_2_Rel1/bin/../lib/gcc/arm-none-eabi/13.2.1/../../../../arm-none-eabi/lib -L/home/milan/.pico-sdk/toolchain/13_2_Rel1/bin/../arm-none-eabi/lib --build-id=none CMakeFiles/cmTC_05a5f.dir/CMakeCXXCompilerABI.cpp.obj]
    arg [/home/milan/.pico-sdk/toolchain/13_2_Rel1/bin/../libexec/gcc/arm-none-eabi/13.2.1/collect2] ==> ignore
    arg [-plugin] ==> ignore
    arg [/home/milan/.pico-sdk/toolchain/13_2_Rel1/bin/../libexec/gcc/arm-none-eabi/13.2.1/liblto_plugin.so] ==> ignore
    arg [-plugin-opt=/home/milan/.pico-sdk/toolchain/13_2_Rel1/bin/../libexec/gcc/arm-none-eabi/13.2.1/lto-wrapper] ==> ignore
    arg [-plugin-opt=-fresolution=/tmp/ccJxQilY.res] ==> ignore
    arg [--sysroot=/home/milan/.pico-sdk/toolchain/13_2_Rel1/bin/../arm-none-eabi] ==> ignore
    arg [-X] ==> ignore
    arg [-o] ==> ignore
    arg [cmTC_05a5f.elf] ==> ignore
    arg [-L/home/milan/.pico-sdk/toolchain/13_2_Rel1/bin/../lib/gcc/arm-none-eabi/13.2.1/thumb/v6-m/nofp] ==> dir [/home/milan/.pico-sdk/toolchain/13_2_Rel1/bin/../lib/gcc/arm-none-eabi/13.2.1/thumb/v6-m/nofp]
    arg [-L/home/milan/.pico-sdk/toolchain/13_2_Rel1/bin/../lib/gcc/arm-none-eabi/13.2.1/../../../../arm-none-eabi/lib/thumb/v6-m/nofp] ==> dir [/home/milan/.pico-sdk/toolchain/13_2_Rel1/bin/../lib/gcc/arm-none-eabi/13.2.1/../../../../arm-none-eabi/lib/thumb/v6-m/nofp]
    arg [-L/home/milan/.pico-sdk/toolchain/13_2_Rel1/bin/../arm-none-eabi/lib/thumb/v6-m/nofp] ==> dir [/home/milan/.pico-sdk/toolchain/13_2_Rel1/bin/../arm-none-eabi/lib/thumb/v6-m/nofp]
    arg [-L/home/milan/.pico-sdk/toolchain/13_2_Rel1/bin/../lib/gcc/arm-none-eabi/13.2.1] ==> dir [/home/milan/.pico-sdk/toolchain/13_2_Rel1/bin/../lib/gcc/arm-none-eabi/13.2.1]
    arg [-L/home/milan/.pico-sdk/toolchain/13_2_Rel1/bin/../lib/gcc] ==> dir [/home/milan/.pico-sdk/toolchain/13_2_Rel1/bin/../lib/gcc]
    arg [-L/home/milan/.pico-sdk/toolchain/13_2_Rel1/bin/../lib/gcc/arm-none-eabi/13.2.1/../../../../arm-none-eabi/lib] ==> dir [/home/milan/.pico-sdk/toolchain/13_2_Rel1/bin/../lib/gcc/arm-none-eabi/13.2.1/../../../../arm-none-eabi/lib]
    arg [-L/home/milan/.pico-sdk/toolchain/13_2_Rel1/bin/../arm-none-eabi/lib] ==> dir [/home/milan/.pico-sdk/toolchain/13_2_Rel1/bin/../arm-none-eabi/lib]
    arg [--build-id=none] ==> ignore
    arg [CMakeFiles/cmTC_05a5f.dir/CMakeCXXCompilerABI.cpp.obj] ==> ignore
  collapse library dir [/home/milan/.pico-sdk/toolchain/13_2_Rel1/bin/../lib/gcc/arm-none-eabi/13.2.1/thumb/v6-m/nofp] ==> [/home/milan/.pico-sdk/toolchain/13_2_Rel1/lib/gcc/arm-none-eabi/13.2.1/thumb/v6-m/nofp]
  collapse library dir [/home/milan/.pico-sdk/toolchain/13_2_Rel1/bin/../lib/gcc/arm-none-eabi/13.2.1/../../../../arm-none-eabi/lib/thumb/v6-m/nofp] ==> [/home/milan/.pico-sdk/toolchain/13_2_Rel1/arm-none-eabi/lib/thumb/v6-m/nofp]
  collapse library dir [/home/milan/.pico-sdk/toolchain/13_2_Rel1/bin/../arm-none-eabi/lib/thumb/v6-m/nofp] ==> [/home/milan/.pico-sdk/toolchain/13_2_Rel1/arm-none-eabi/lib/thumb/v6-m/nofp]
  collapse library dir [/home/milan/.pico-sdk/toolchain/13_2_Rel1/bin/../lib/gcc/arm-none-eabi/13.2.1] ==> [/home/milan/.pico-sdk/toolchain/13_2_Rel1/lib/gcc/arm-none-eabi/13.2.1]
  collapse library dir [/home/milan/.pico-sdk/toolchain/13_2_Rel1/bin/../lib/gcc] ==> [/home/milan/.pico-sdk/toolchain/13_2_Rel1/lib/gcc]
  collapse library dir [/home/milan/.pico-sdk/toolchain/13_2_Rel1/bin/../lib/gcc/arm-none-eabi/13.2.1/../../../../arm-none-eabi/lib] ==> [/home/milan/.pico-sdk/toolchain/13_2_Rel1/arm-none-eabi/lib]
  collapse library dir [/home/milan/.pico-sdk/toolchain/13_2_Rel1/bin/../arm-none-eabi/lib] ==> [/home/milan/.pico-sdk/toolchain/13_2_Rel1/arm-none-eabi/lib]
  implicit libs: []
  implicit objs: []
  implicit dirs: [/home/milan/.pico-sdk/toolchain/13_2_Rel1/lib/gcc/arm-none-eabi/13.2.1/thumb/v6-m/nofp;/home/milan/.pico-sdk/toolchain/13_2_Rel1/arm-none-eabi/lib/thumb/v6-m/nofp;/home/milan/.pico-sdk/toolchain/13_2_Rel1/lib/gcc/arm-none-eabi/13.2.1;/home/milan/.pico-sdk/toolchain/13_2_Rel1/lib/gcc;/home/milan/.pico-sdk/toolchain/13_2_Rel1/arm-none-eabi/lib]
  implicit fwks: []


